<?xml version="1.0" encoding="UTF-8"?>
<!-- Generated by org.testng.reporters.JUnitXMLReporter -->
<testsuite ignored="0" hostname="One" failures="0" tests="2" name="SafariTest" time="0.487" errors="0" timestamp="2024-11-14T07:22:51 IST">
  <testcase classname="seleniumSelfStudy.RadioButton" name="@BeforeTest setUp" time="0.467">
    <failure type="org.openqa.selenium.remote.NoSuchDriverException" message="Unable to obtain: safaridriver, error Command failed with code: 65, executed: [--browser, safari, --language-binding, java, --output, json]
safaridriver not available for download
Build info: version: &amp;apos;4.25.0&amp;apos;, revision: &amp;apos;030fcf7918&amp;apos;
System info: os.name: &amp;apos;Windows 11&amp;apos;, os.arch: &amp;apos;amd64&amp;apos;, os.version: &amp;apos;10.0&amp;apos;, java.version: &amp;apos;21.0.3&amp;apos;
Driver info: driver.version: SafariDriver">
      <![CDATA[org.openqa.selenium.remote.NoSuchDriverException: Unable to obtain: safaridriver, error Command failed with code: 65, executed: [--browser, safari, --language-binding, java, --output, json]
safaridriver not available for download
Build info: version: '4.25.0', revision: '030fcf7918'
System info: os.name: 'Windows 11', os.arch: 'amd64', os.version: '10.0', java.version: '21.0.3'
Driver info: driver.version: SafariDriver
at org.openqa.selenium.remote.service.DriverFinder.getBinaryPaths(DriverFinder.java:121)
at org.openqa.selenium.remote.service.DriverFinder.getDriverPath(DriverFinder.java:55)
at org.openqa.selenium.safari.SafariDriver.generateExecutor(SafariDriver.java:95)
at org.openqa.selenium.safari.SafariDriver.<init>(SafariDriver.java:84)
at org.openqa.selenium.safari.SafariDriver.<init>(SafariDriver.java:80)
at org.openqa.selenium.safari.SafariDriver.<init>(SafariDriver.java:57)
at org.openqa.selenium.safari.SafariDriver.<init>(SafariDriver.java:48)
at seleniumSelfStudy.RadioButton.setUp(RadioButton.java:45)
Caused by: org.openqa.selenium.WebDriverException: Command failed with code: 65, executed: [--browser, safari, --language-binding, java, --output, json]
safaridriver not available for download
Build info: version: '4.25.0', revision: '030fcf7918'
System info: os.name: 'Windows 11', os.arch: 'amd64', os.version: '10.0', java.version: '21.0.3'
Driver info: driver.version: SafariDriver
at org.openqa.selenium.manager.SeleniumManager.runCommand(SeleniumManager.java:170)
at org.openqa.selenium.manager.SeleniumManager.getBinaryPaths(SeleniumManager.java:247)
at org.openqa.selenium.remote.service.DriverFinder.getBinaryPaths(DriverFinder.java:102)
... 29 more
... Removed 22 stack frames]]>
    </failure>
  </testcase> <!-- @BeforeTest setUp -->
  <testcase classname="seleniumSelfStudy.RadioButton" name="@BeforeMethod siteLoad" time="-1.731549171025E9">
    <skipped/>
  </testcase> <!-- @BeforeMethod siteLoad -->
  <testcase classname="seleniumSelfStudy.RadioButton" name="@BeforeMethod siteLoad" time="-1.731549171031E9">
    <skipped/>
  </testcase> <!-- @BeforeMethod siteLoad -->
  <testcase classname="seleniumSelfStudy.RadioButton" name="femaleRBClick" time="0.0">
    <skipped/>
  </testcase> <!-- femaleRBClick -->
  <testcase classname="seleniumSelfStudy.RadioButton" name="maleRBClick" time="0.0">
    <skipped/>
  </testcase> <!-- maleRBClick -->
</testsuite> <!-- SafariTest -->
